2019-03-06 15:51:45.410  INFO 9472 --- [main] com.laymat.demo.OrderHandleApplication   : Starting OrderHandleApplication on laymat-PC with PID 9472 (D:\project\Laymat\github-project\target\classes started by laymat in D:\project\Laymat\github-project)
2019-03-06 15:51:45.415  INFO 9472 --- [main] com.laymat.demo.OrderHandleApplication   : The following profiles are active: default
2019-03-06 15:51:47.453  INFO 9472 --- [main] com.laymat.demo.OrderHandleApplication   : Started OrderHandleApplication in 3.592 seconds (JVM running for 5.241)
2019-03-06 16:23:34.225  INFO 7696 --- [main] com.laymat.demo.OrderHandleApplication   : Starting OrderHandleApplication on laymat-PC with PID 7696 (D:\project\Laymat\github-project\target\classes started by laymat in D:\project\Laymat\github-project)
2019-03-06 16:23:34.230  INFO 7696 --- [main] com.laymat.demo.OrderHandleApplication   : The following profiles are active: default
2019-03-06 16:23:36.110  INFO 7696 --- [main] com.laymat.demo.OrderHandleApplication   : Started OrderHandleApplication in 2.908 seconds (JVM running for 3.962)
2019-03-06 16:25:34.378  INFO 9332 --- [main] com.laymat.demo.OrderHandleApplication   : Starting OrderHandleApplication on laymat-PC with PID 9332 (D:\project\Laymat\github-project\target\classes started by laymat in D:\project\Laymat\github-project)
2019-03-06 16:25:34.385  INFO 9332 --- [main] com.laymat.demo.OrderHandleApplication   : The following profiles are active: default
2019-03-06 16:25:36.610  INFO 9332 --- [main] com.laymat.demo.OrderHandleApplication   : Started OrderHandleApplication in 3.373 seconds (JVM running for 4.819)
2019-03-06 16:27:10.337  INFO 5672 --- [main] com.laymat.demo.OrderHandleApplication   : Starting OrderHandleApplication on laymat-PC with PID 5672 (D:\project\Laymat\github-project\target\classes started by laymat in D:\project\Laymat\github-project)
2019-03-06 16:27:10.341  INFO 5672 --- [main] com.laymat.demo.OrderHandleApplication   : The following profiles are active: default
2019-03-06 16:27:12.710  INFO 5672 --- [main] com.laymat.demo.OrderHandleApplication   : Started OrderHandleApplication in 3.608 seconds (JVM running for 5.187)
2019-03-06 16:31:03.149  INFO 1208 --- [main] com.laymat.demo.OrderHandleApplication   : Starting OrderHandleApplication on laymat-PC with PID 1208 (D:\project\Laymat\github-project\target\classes started by laymat in D:\project\Laymat\github-project)
2019-03-06 16:31:03.154  INFO 1208 --- [main] com.laymat.demo.OrderHandleApplication   : The following profiles are active: default
2019-03-06 16:31:05.331  INFO 1208 --- [main] com.laymat.demo.OrderHandleApplication   : Started OrderHandleApplication in 3.569 seconds (JVM running for 5.065)
2019-03-06 16:32:43.703  INFO 10156 --- [main] com.laymat.demo.DemoApplication          : Starting DemoApplication on laymat-PC with PID 10156 (D:\project\Laymat\github-project\target\classes started by laymat in D:\project\Laymat\github-project)
2019-03-06 16:32:43.706  INFO 10156 --- [main] com.laymat.demo.DemoApplication          : The following profiles are active: default
2019-03-06 16:32:44.658  INFO 10156 --- [main] com.laymat.demo.DemoApplication          : Started DemoApplication in 1.773 seconds (JVM running for 3.665)
2019-03-06 16:34:53.609  INFO 7120 --- [main] com.laymat.demo.OrderHandleApplication   : Starting OrderHandleApplication on laymat-PC with PID 7120 (D:\project\Laymat\github-project\target\classes started by laymat in D:\project\Laymat\github-project)
2019-03-06 16:34:53.613  INFO 7120 --- [main] com.laymat.demo.OrderHandleApplication   : The following profiles are active: default
2019-03-06 16:34:54.998  WARN 7120 --- [main] o.m.s.mapper.ClassPathMapperScanner      : No MyBatis mapper was found in '[com.laymat.demo]' package. Please check your configuration.
2019-03-06 16:34:55.776  WARN 7120 --- [main] s.c.a.AnnotationConfigApplicationContext : Exception encountered during context initialization - cancelling refresh attempt: org.springframework.beans.factory.BeanCreationException: Error creating bean with name 'dataSource' defined in class path resource [org/springframework/boot/autoconfigure/jdbc/DataSourceConfiguration$Hikari.class]: Bean instantiation via factory method failed; nested exception is org.springframework.beans.BeanInstantiationException: Failed to instantiate [com.zaxxer.hikari.HikariDataSource]: Factory method 'dataSource' threw exception; nested exception is org.springframework.boot.autoconfigure.jdbc.DataSourceProperties$DataSourceBeanCreationException: Failed to determine a suitable driver class
2019-03-06 16:34:55.797  INFO 7120 --- [main] ConditionEvaluationReportLoggingListener : 

Error starting ApplicationContext. To display the conditions report re-run your application with 'debug' enabled.
2019-03-06 16:34:55.803 ERROR 7120 --- [main] o.s.b.d.LoggingFailureAnalysisReporter   : 

***************************
APPLICATION FAILED TO START
***************************

Description:

Failed to configure a DataSource: 'url' attribute is not specified and no embedded datasource could be configured.

Reason: Failed to determine a suitable driver class


Action:

Consider the following:
	If you want an embedded database (H2, HSQL or Derby), please put it on the classpath.
	If you have database settings to be loaded from a particular profile you may need to activate it (no profiles are currently active).

2019-03-06 16:35:50.878  INFO 8892 --- [main] com.laymat.demo.OrderHandleApplication   : Starting OrderHandleApplication on laymat-PC with PID 8892 (D:\project\Laymat\github-project\target\classes started by laymat in D:\project\Laymat\github-project)
2019-03-06 16:35:50.883  INFO 8892 --- [main] com.laymat.demo.OrderHandleApplication   : The following profiles are active: default
2019-03-06 16:35:51.940  WARN 8892 --- [main] o.m.s.mapper.ClassPathMapperScanner      : No MyBatis mapper was found in '[com.laymat.demo]' package. Please check your configuration.
2019-03-06 16:35:54.535  INFO 8892 --- [main] com.laymat.demo.OrderHandleApplication   : Started OrderHandleApplication in 4.974 seconds (JVM running for 6.526)
2019-03-06 16:37:15.312  INFO 9028 --- [main] com.laymat.demo.OrderHandleApplication   : Starting OrderHandleApplication on laymat-PC with PID 9028 (D:\project\Laymat\github-project\target\classes started by laymat in D:\project\Laymat\github-project)
2019-03-06 16:37:15.316  INFO 9028 --- [main] com.laymat.demo.OrderHandleApplication   : The following profiles are active: default
2019-03-06 16:37:16.795  WARN 9028 --- [main] o.m.s.mapper.ClassPathMapperScanner      : No MyBatis mapper was found in '[com.laymat.demo]' package. Please check your configuration.
2019-03-06 16:37:19.410  INFO 9028 --- [main] com.laymat.demo.OrderHandleApplication   : Started OrderHandleApplication in 5.497 seconds (JVM running for 7.085)
2019-03-06 16:38:16.877  INFO 9340 --- [main] com.laymat.demo.OrderHandleApplication   : Starting OrderHandleApplication on laymat-PC with PID 9340 (D:\project\Laymat\github-project\target\classes started by laymat in D:\project\Laymat\github-project)
2019-03-06 16:38:16.884  INFO 9340 --- [main] com.laymat.demo.OrderHandleApplication   : The following profiles are active: default
2019-03-06 16:38:18.021  WARN 9340 --- [main] o.m.s.mapper.ClassPathMapperScanner      : No MyBatis mapper was found in '[com.laymat.demo]' package. Please check your configuration.
2019-03-06 16:38:20.239  INFO 9340 --- [main] com.laymat.demo.OrderHandleApplication   : Started OrderHandleApplication in 5.162 seconds (JVM running for 7.342)
2019-03-06 16:39:33.895  INFO 10188 --- [main] com.laymat.demo.DemoApplication          : Starting DemoApplication on laymat-PC with PID 10188 (D:\project\Laymat\github-project\target\classes started by laymat in D:\project\Laymat\github-project)
2019-03-06 16:39:33.898  INFO 10188 --- [main] com.laymat.demo.DemoApplication          : The following profiles are active: default
2019-03-06 16:39:35.128  WARN 10188 --- [main] o.m.s.mapper.ClassPathMapperScanner      : No MyBatis mapper was found in '[com.laymat.demo]' package. Please check your configuration.
2019-03-06 16:39:36.020  INFO 10188 --- [main] o.s.b.w.embedded.tomcat.TomcatWebServer  : Tomcat initialized with port(s): 8800 (http)
2019-03-06 16:39:36.083  INFO 10188 --- [main] o.apache.catalina.core.StandardService   : Starting service [Tomcat]
2019-03-06 16:39:36.083  INFO 10188 --- [main] org.apache.catalina.core.StandardEngine  : Starting Servlet engine: [Apache Tomcat/9.0.14]
2019-03-06 16:39:36.092  INFO 10188 --- [main] o.a.catalina.core.AprLifecycleListener   : The APR based Apache Tomcat Native library which allows optimal performance in production environments was not found on the java.library.path: [D:\Program Files\Java\jdk-11.0.2\bin;C:\Windows\Sun\Java\bin;C:\Windows\system32;C:\Windows;C:\Windows\system32;C:\Windows;C:\Windows\System32\Wbem;C:\Windows\System32\WindowsPowerShell\v1.0\;C:\Program Files\Lenovo\Fingerprint Manager Pro\;D:\Program Files\Microsoft SQL Server\110\DTS\Binn\;D:\Program Files (x86)\Microsoft SQL Server\110\Tools\Binn\;D:\Program Files\Microsoft SQL Server\110\Tools\Binn\;D:\Program Files (x86)\Microsoft SQL Server\110\Tools\Binn\ManagementStudio\;C:\Program Files (x86)\Microsoft Visual Studio 10.0\Common7\IDE\PrivateAssemblies\;D:\Program Files (x86)\Microsoft SQL Server\110\DTS\Binn\;C:\Program Files\dotnet\;D:\Program Files\Microsoft SQL Server\130\Tools\Binn\;D:\Program Files\TortoiseSVN\bin;D:\Program Files\nodejs\;d:\Program Files\Git\cmd;D:\Program Files (x86)\apache-maven-3.5.4\bin;D:\Program Files\MongoDB\Server\3.6\bin;d:\Program Files\Microsoft VS Code\bin;D:\Program Files\Java\jdk-10.0.1\bin;D:\Program Files (x86)\Python\Python37-32\Scripts\;D:\Program Files (x86)\Python\Python37-32\;C:\Users\laymat\AppData\Roaming\npm;d:\Program Files\Microsoft VS Code\bin;D:\Program Files (x86)\apache-maven-3.5.4\bin;d:\Program Files (x86)\Fiddler2;d:\Program Files\JetBrains\WebStorm 2018.3\bin;;d:\Program Files\JetBrains\IntelliJ IDEA 2018.3\bin;C:\Users\laymat\.dotnet\tools;.]
2019-03-06 16:39:36.231  INFO 10188 --- [main] o.a.c.c.C.[Tomcat].[localhost].[/]       : Initializing Spring embedded WebApplicationContext
2019-03-06 16:39:36.232  INFO 10188 --- [main] o.s.web.context.ContextLoader            : Root WebApplicationContext: initialization completed in 2270 ms
2019-03-06 16:39:36.511  INFO 10188 --- [main] o.s.s.concurrent.ThreadPoolTaskExecutor  : Initializing ExecutorService 'applicationTaskExecutor'
2019-03-06 16:39:36.967  INFO 10188 --- [main] o.s.b.w.embedded.tomcat.TomcatWebServer  : Tomcat started on port(s): 8800 (http) with context path ''
2019-03-06 16:39:36.972  INFO 10188 --- [main] com.laymat.demo.DemoApplication          : Started DemoApplication in 3.98 seconds (JVM running for 5.919)
2019-03-06 16:41:01.577  INFO 10188 --- [Thread-3] o.s.s.concurrent.ThreadPoolTaskExecutor  : Shutting down ExecutorService 'applicationTaskExecutor'
2019-03-06 16:41:05.389 DEBUG 7724 --- [background-preinit] .h.v.m.ResourceBundleMessageInterpolator : Loaded expression factory via original TCCL
2019-03-06 16:41:05.501  INFO 7724 --- [main] com.laymat.demo.DemoApplication          : Starting DemoApplication on laymat-PC with PID 7724 (D:\project\Laymat\github-project\target\classes started by laymat in D:\project\Laymat\github-project)
2019-03-06 16:41:05.508  INFO 7724 --- [main] com.laymat.demo.DemoApplication          : The following profiles are active: default
2019-03-06 16:41:06.666  WARN 7724 --- [main] o.m.s.mapper.ClassPathMapperScanner      : No MyBatis mapper was found in '[com.laymat.demo]' package. Please check your configuration.
2019-03-06 16:41:07.725  INFO 7724 --- [main] o.s.b.w.embedded.tomcat.TomcatWebServer  : Tomcat initialized with port(s): 8800 (http)
2019-03-06 16:41:07.775  INFO 7724 --- [main] o.apache.catalina.core.StandardService   : Starting service [Tomcat]
2019-03-06 16:41:07.776  INFO 7724 --- [main] org.apache.catalina.core.StandardEngine  : Starting Servlet engine: [Apache Tomcat/9.0.14]
2019-03-06 16:41:07.787  INFO 7724 --- [main] o.a.catalina.core.AprLifecycleListener   : The APR based Apache Tomcat Native library which allows optimal performance in production environments was not found on the java.library.path: [D:\Program Files\Java\jdk-11.0.2\bin;C:\Windows\Sun\Java\bin;C:\Windows\system32;C:\Windows;C:\Windows\system32;C:\Windows;C:\Windows\System32\Wbem;C:\Windows\System32\WindowsPowerShell\v1.0\;C:\Program Files\Lenovo\Fingerprint Manager Pro\;D:\Program Files\Microsoft SQL Server\110\DTS\Binn\;D:\Program Files (x86)\Microsoft SQL Server\110\Tools\Binn\;D:\Program Files\Microsoft SQL Server\110\Tools\Binn\;D:\Program Files (x86)\Microsoft SQL Server\110\Tools\Binn\ManagementStudio\;C:\Program Files (x86)\Microsoft Visual Studio 10.0\Common7\IDE\PrivateAssemblies\;D:\Program Files (x86)\Microsoft SQL Server\110\DTS\Binn\;C:\Program Files\dotnet\;D:\Program Files\Microsoft SQL Server\130\Tools\Binn\;D:\Program Files\TortoiseSVN\bin;D:\Program Files\nodejs\;d:\Program Files\Git\cmd;D:\Program Files (x86)\apache-maven-3.5.4\bin;D:\Program Files\MongoDB\Server\3.6\bin;d:\Program Files\Microsoft VS Code\bin;D:\Program Files\Java\jdk-10.0.1\bin;D:\Program Files (x86)\Python\Python37-32\Scripts\;D:\Program Files (x86)\Python\Python37-32\;C:\Users\laymat\AppData\Roaming\npm;d:\Program Files\Microsoft VS Code\bin;D:\Program Files (x86)\apache-maven-3.5.4\bin;d:\Program Files (x86)\Fiddler2;d:\Program Files\JetBrains\WebStorm 2018.3\bin;;d:\Program Files\JetBrains\IntelliJ IDEA 2018.3\bin;C:\Users\laymat\.dotnet\tools;.]
2019-03-06 16:41:08.004  INFO 7724 --- [main] o.a.c.c.C.[Tomcat].[localhost].[/]       : Initializing Spring embedded WebApplicationContext
2019-03-06 16:41:08.005  INFO 7724 --- [main] o.s.web.context.ContextLoader            : Root WebApplicationContext: initialization completed in 2418 ms
2019-03-06 16:41:08.371  INFO 7724 --- [main] o.s.s.concurrent.ThreadPoolTaskExecutor  : Initializing ExecutorService 'applicationTaskExecutor'
2019-03-06 16:41:08.882  INFO 7724 --- [main] o.s.b.w.embedded.tomcat.TomcatWebServer  : Tomcat started on port(s): 8800 (http) with context path ''
2019-03-06 16:41:08.891  INFO 7724 --- [main] com.laymat.demo.DemoApplication          : Started DemoApplication in 4.308 seconds (JVM running for 6.187)
2019-03-06 16:41:20.423  INFO 7724 --- [http-nio-8800-exec-1] o.apache.tomcat.util.http.parser.Cookie  : A cookie header was received [1551839812; Hm_lpvt_f8d0a8c400404989e195270b0bbf060a=1551839812] that contained an invalid cookie. That cookie will be ignored.Note: further occurrences of this error will be logged at DEBUG level.
2019-03-06 16:41:20.446  INFO 7724 --- [http-nio-8800-exec-1] o.a.c.c.C.[Tomcat].[localhost].[/]       : Initializing Spring DispatcherServlet 'dispatcherServlet'
2019-03-06 16:41:20.447  INFO 7724 --- [http-nio-8800-exec-1] o.s.web.servlet.DispatcherServlet        : Initializing Servlet 'dispatcherServlet'
2019-03-06 16:41:20.462  INFO 7724 --- [http-nio-8800-exec-1] o.s.web.servlet.DispatcherServlet        : Completed initialization in 15 ms
2019-03-06 17:11:49.046  INFO 7724 --- [Thread-3] o.s.s.concurrent.ThreadPoolTaskExecutor  : Shutting down ExecutorService 'applicationTaskExecutor'
2019-03-06 17:11:55.689  INFO 8336 --- [main] com.laymat.demo.DemoApplication          : Starting DemoApplication on laymat-PC with PID 8336 (D:\project\Laymat\github-project\target\classes started by laymat in D:\project\Laymat\github-project)
2019-03-06 17:11:55.702  INFO 8336 --- [main] com.laymat.demo.DemoApplication          : The following profiles are active: default
2019-03-06 17:11:56.760  WARN 8336 --- [main] o.m.s.mapper.ClassPathMapperScanner      : No MyBatis mapper was found in '[com.laymat.demo]' package. Please check your configuration.
2019-03-06 17:11:57.655  INFO 8336 --- [main] o.s.b.w.embedded.tomcat.TomcatWebServer  : Tomcat initialized with port(s): 8800 (http)
2019-03-06 17:11:57.696  INFO 8336 --- [main] o.apache.catalina.core.StandardService   : Starting service [Tomcat]
2019-03-06 17:11:57.696  INFO 8336 --- [main] org.apache.catalina.core.StandardEngine  : Starting Servlet engine: [Apache Tomcat/9.0.14]
2019-03-06 17:11:57.706  INFO 8336 --- [main] o.a.catalina.core.AprLifecycleListener   : The APR based Apache Tomcat Native library which allows optimal performance in production environments was not found on the java.library.path: [D:\Program Files\Java\jdk-11.0.2\bin;C:\Windows\Sun\Java\bin;C:\Windows\system32;C:\Windows;C:\Windows\system32;C:\Windows;C:\Windows\System32\Wbem;C:\Windows\System32\WindowsPowerShell\v1.0\;C:\Program Files\Lenovo\Fingerprint Manager Pro\;D:\Program Files\Microsoft SQL Server\110\DTS\Binn\;D:\Program Files (x86)\Microsoft SQL Server\110\Tools\Binn\;D:\Program Files\Microsoft SQL Server\110\Tools\Binn\;D:\Program Files (x86)\Microsoft SQL Server\110\Tools\Binn\ManagementStudio\;C:\Program Files (x86)\Microsoft Visual Studio 10.0\Common7\IDE\PrivateAssemblies\;D:\Program Files (x86)\Microsoft SQL Server\110\DTS\Binn\;C:\Program Files\dotnet\;D:\Program Files\Microsoft SQL Server\130\Tools\Binn\;D:\Program Files\TortoiseSVN\bin;D:\Program Files\nodejs\;d:\Program Files\Git\cmd;D:\Program Files (x86)\apache-maven-3.5.4\bin;D:\Program Files\MongoDB\Server\3.6\bin;d:\Program Files\Microsoft VS Code\bin;D:\Program Files\Java\jdk-10.0.1\bin;D:\Program Files (x86)\Python\Python37-32\Scripts\;D:\Program Files (x86)\Python\Python37-32\;C:\Users\laymat\AppData\Roaming\npm;d:\Program Files\Microsoft VS Code\bin;D:\Program Files (x86)\apache-maven-3.5.4\bin;d:\Program Files (x86)\Fiddler2;d:\Program Files\JetBrains\WebStorm 2018.3\bin;;d:\Program Files\JetBrains\IntelliJ IDEA 2018.3\bin;C:\Users\laymat\.dotnet\tools;.]
2019-03-06 17:11:57.844  INFO 8336 --- [main] o.a.c.c.C.[Tomcat].[localhost].[/]       : Initializing Spring embedded WebApplicationContext
2019-03-06 17:11:57.844  INFO 8336 --- [main] o.s.web.context.ContextLoader            : Root WebApplicationContext: initialization completed in 2078 ms
2019-03-06 17:11:57.916  WARN 8336 --- [main] ConfigServletWebServerApplicationContext : Exception encountered during context initialization - cancelling refresh attempt: org.springframework.beans.factory.BeanCreationException: Error creating bean with name 'demoApplication': Post-processing of merged bean definition failed; nested exception is java.lang.IllegalStateException: @Resource annotation is not supported on static fields
2019-03-06 17:11:57.919  INFO 8336 --- [main] o.apache.catalina.core.StandardService   : Stopping service [Tomcat]
2019-03-06 17:11:57.944  INFO 8336 --- [main] ConditionEvaluationReportLoggingListener : 

Error starting ApplicationContext. To display the conditions report re-run your application with 'debug' enabled.
2019-03-06 17:11:57.957 ERROR 8336 --- [main] o.s.boot.SpringApplication               : Application run failed

org.springframework.beans.factory.BeanCreationException: Error creating bean with name 'demoApplication': Post-processing of merged bean definition failed; nested exception is java.lang.IllegalStateException: @Resource annotation is not supported on static fields
	at org.springframework.beans.factory.support.AbstractAutowireCapableBeanFactory.doCreateBean(AbstractAutowireCapableBeanFactory.java:553) ~[spring-beans-5.1.4.RELEASE.jar:5.1.4.RELEASE]
	at org.springframework.beans.factory.support.AbstractAutowireCapableBeanFactory.createBean(AbstractAutowireCapableBeanFactory.java:498) ~[spring-beans-5.1.4.RELEASE.jar:5.1.4.RELEASE]
	at org.springframework.beans.factory.support.AbstractBeanFactory.lambda$doGetBean$0(AbstractBeanFactory.java:320) ~[spring-beans-5.1.4.RELEASE.jar:5.1.4.RELEASE]
	at org.springframework.beans.factory.support.DefaultSingletonBeanRegistry.getSingleton(DefaultSingletonBeanRegistry.java:222) ~[spring-beans-5.1.4.RELEASE.jar:5.1.4.RELEASE]
	at org.springframework.beans.factory.support.AbstractBeanFactory.doGetBean(AbstractBeanFactory.java:318) ~[spring-beans-5.1.4.RELEASE.jar:5.1.4.RELEASE]
	at org.springframework.beans.factory.support.AbstractBeanFactory.getBean(AbstractBeanFactory.java:199) ~[spring-beans-5.1.4.RELEASE.jar:5.1.4.RELEASE]
	at org.springframework.beans.factory.support.DefaultListableBeanFactory.preInstantiateSingletons(DefaultListableBeanFactory.java:846) ~[spring-beans-5.1.4.RELEASE.jar:5.1.4.RELEASE]
	at org.springframework.context.support.AbstractApplicationContext.finishBeanFactoryInitialization(AbstractApplicationContext.java:863) ~[spring-context-5.1.4.RELEASE.jar:5.1.4.RELEASE]
	at org.springframework.context.support.AbstractApplicationContext.refresh(AbstractApplicationContext.java:546) ~[spring-context-5.1.4.RELEASE.jar:5.1.4.RELEASE]
	at org.springframework.boot.web.servlet.context.ServletWebServerApplicationContext.refresh(ServletWebServerApplicationContext.java:142) ~[spring-boot-2.1.2.RELEASE.jar:2.1.2.RELEASE]
	at org.springframework.boot.SpringApplication.refresh(SpringApplication.java:775) ~[spring-boot-2.1.2.RELEASE.jar:2.1.2.RELEASE]
	at org.springframework.boot.SpringApplication.refreshContext(SpringApplication.java:397) ~[spring-boot-2.1.2.RELEASE.jar:2.1.2.RELEASE]
	at org.springframework.boot.SpringApplication.run(SpringApplication.java:316) ~[spring-boot-2.1.2.RELEASE.jar:2.1.2.RELEASE]
	at org.springframework.boot.SpringApplication.run(SpringApplication.java:1260) ~[spring-boot-2.1.2.RELEASE.jar:2.1.2.RELEASE]
	at org.springframework.boot.SpringApplication.run(SpringApplication.java:1248) ~[spring-boot-2.1.2.RELEASE.jar:2.1.2.RELEASE]
	at com.laymat.demo.DemoApplication.main(DemoApplication.java:36) ~[classes/:na]
Caused by: java.lang.IllegalStateException: @Resource annotation is not supported on static fields
	at org.springframework.context.annotation.CommonAnnotationBeanPostProcessor.lambda$buildResourceMetadata$0(CommonAnnotationBeanPostProcessor.java:380) ~[spring-context-5.1.4.RELEASE.jar:5.1.4.RELEASE]
	at org.springframework.util.ReflectionUtils.doWithLocalFields(ReflectionUtils.java:719) ~[spring-core-5.1.4.RELEASE.jar:5.1.4.RELEASE]
	at org.springframework.context.annotation.CommonAnnotationBeanPostProcessor.buildResourceMetadata(CommonAnnotationBeanPostProcessor.java:365) ~[spring-context-5.1.4.RELEASE.jar:5.1.4.RELEASE]
	at org.springframework.context.annotation.CommonAnnotationBeanPostProcessor.findResourceMetadata(CommonAnnotationBeanPostProcessor.java:350) ~[spring-context-5.1.4.RELEASE.jar:5.1.4.RELEASE]
	at org.springframework.context.annotation.CommonAnnotationBeanPostProcessor.postProcessMergedBeanDefinition(CommonAnnotationBeanPostProcessor.java:298) ~[spring-context-5.1.4.RELEASE.jar:5.1.4.RELEASE]
	at org.springframework.beans.factory.support.AbstractAutowireCapableBeanFactory.applyMergedBeanDefinitionPostProcessors(AbstractAutowireCapableBeanFactory.java:1044) ~[spring-beans-5.1.4.RELEASE.jar:5.1.4.RELEASE]
	at org.springframework.beans.factory.support.AbstractAutowireCapableBeanFactory.doCreateBean(AbstractAutowireCapableBeanFactory.java:550) ~[spring-beans-5.1.4.RELEASE.jar:5.1.4.RELEASE]
	... 15 common frames omitted

2019-03-06 17:12:24.493  INFO 6960 --- [main] com.laymat.demo.DemoApplication          : Starting DemoApplication on laymat-PC with PID 6960 (D:\project\Laymat\github-project\target\classes started by laymat in D:\project\Laymat\github-project)
2019-03-06 17:12:24.501  INFO 6960 --- [main] com.laymat.demo.DemoApplication          : The following profiles are active: default
2019-03-06 17:12:25.757  WARN 6960 --- [main] o.m.s.mapper.ClassPathMapperScanner      : No MyBatis mapper was found in '[com.laymat.demo]' package. Please check your configuration.
2019-03-06 17:12:26.794  INFO 6960 --- [main] o.s.b.w.embedded.tomcat.TomcatWebServer  : Tomcat initialized with port(s): 8800 (http)
2019-03-06 17:12:26.875  INFO 6960 --- [main] o.apache.catalina.core.StandardService   : Starting service [Tomcat]
2019-03-06 17:12:26.876  INFO 6960 --- [main] org.apache.catalina.core.StandardEngine  : Starting Servlet engine: [Apache Tomcat/9.0.14]
2019-03-06 17:12:26.887  INFO 6960 --- [main] o.a.catalina.core.AprLifecycleListener   : The APR based Apache Tomcat Native library which allows optimal performance in production environments was not found on the java.library.path: [D:\Program Files\Java\jdk-11.0.2\bin;C:\Windows\Sun\Java\bin;C:\Windows\system32;C:\Windows;C:\Windows\system32;C:\Windows;C:\Windows\System32\Wbem;C:\Windows\System32\WindowsPowerShell\v1.0\;C:\Program Files\Lenovo\Fingerprint Manager Pro\;D:\Program Files\Microsoft SQL Server\110\DTS\Binn\;D:\Program Files (x86)\Microsoft SQL Server\110\Tools\Binn\;D:\Program Files\Microsoft SQL Server\110\Tools\Binn\;D:\Program Files (x86)\Microsoft SQL Server\110\Tools\Binn\ManagementStudio\;C:\Program Files (x86)\Microsoft Visual Studio 10.0\Common7\IDE\PrivateAssemblies\;D:\Program Files (x86)\Microsoft SQL Server\110\DTS\Binn\;C:\Program Files\dotnet\;D:\Program Files\Microsoft SQL Server\130\Tools\Binn\;D:\Program Files\TortoiseSVN\bin;D:\Program Files\nodejs\;d:\Program Files\Git\cmd;D:\Program Files (x86)\apache-maven-3.5.4\bin;D:\Program Files\MongoDB\Server\3.6\bin;d:\Program Files\Microsoft VS Code\bin;D:\Program Files\Java\jdk-10.0.1\bin;D:\Program Files (x86)\Python\Python37-32\Scripts\;D:\Program Files (x86)\Python\Python37-32\;C:\Users\laymat\AppData\Roaming\npm;d:\Program Files\Microsoft VS Code\bin;D:\Program Files (x86)\apache-maven-3.5.4\bin;d:\Program Files (x86)\Fiddler2;d:\Program Files\JetBrains\WebStorm 2018.3\bin;;d:\Program Files\JetBrains\IntelliJ IDEA 2018.3\bin;C:\Users\laymat\.dotnet\tools;.]
2019-03-06 17:12:27.071  INFO 6960 --- [main] o.a.c.c.C.[Tomcat].[localhost].[/]       : Initializing Spring embedded WebApplicationContext
2019-03-06 17:12:27.072  INFO 6960 --- [main] o.s.web.context.ContextLoader            : Root WebApplicationContext: initialization completed in 2485 ms
2019-03-06 17:12:27.168  WARN 6960 --- [main] ConfigServletWebServerApplicationContext : Exception encountered during context initialization - cancelling refresh attempt: org.springframework.beans.factory.BeanCreationException: Error creating bean with name 'demoApplication': Post-processing of merged bean definition failed; nested exception is java.lang.IllegalStateException: @Resource annotation is not supported on static fields
2019-03-06 17:12:27.171  INFO 6960 --- [main] o.apache.catalina.core.StandardService   : Stopping service [Tomcat]
2019-03-06 17:12:27.197  INFO 6960 --- [main] ConditionEvaluationReportLoggingListener : 

Error starting ApplicationContext. To display the conditions report re-run your application with 'debug' enabled.
2019-03-06 17:12:27.207 ERROR 6960 --- [main] o.s.boot.SpringApplication               : Application run failed

org.springframework.beans.factory.BeanCreationException: Error creating bean with name 'demoApplication': Post-processing of merged bean definition failed; nested exception is java.lang.IllegalStateException: @Resource annotation is not supported on static fields
	at org.springframework.beans.factory.support.AbstractAutowireCapableBeanFactory.doCreateBean(AbstractAutowireCapableBeanFactory.java:553) ~[spring-beans-5.1.4.RELEASE.jar:5.1.4.RELEASE]
	at org.springframework.beans.factory.support.AbstractAutowireCapableBeanFactory.createBean(AbstractAutowireCapableBeanFactory.java:498) ~[spring-beans-5.1.4.RELEASE.jar:5.1.4.RELEASE]
	at org.springframework.beans.factory.support.AbstractBeanFactory.lambda$doGetBean$0(AbstractBeanFactory.java:320) ~[spring-beans-5.1.4.RELEASE.jar:5.1.4.RELEASE]
	at org.springframework.beans.factory.support.DefaultSingletonBeanRegistry.getSingleton(DefaultSingletonBeanRegistry.java:222) ~[spring-beans-5.1.4.RELEASE.jar:5.1.4.RELEASE]
	at org.springframework.beans.factory.support.AbstractBeanFactory.doGetBean(AbstractBeanFactory.java:318) ~[spring-beans-5.1.4.RELEASE.jar:5.1.4.RELEASE]
	at org.springframework.beans.factory.support.AbstractBeanFactory.getBean(AbstractBeanFactory.java:199) ~[spring-beans-5.1.4.RELEASE.jar:5.1.4.RELEASE]
	at org.springframework.beans.factory.support.DefaultListableBeanFactory.preInstantiateSingletons(DefaultListableBeanFactory.java:846) ~[spring-beans-5.1.4.RELEASE.jar:5.1.4.RELEASE]
	at org.springframework.context.support.AbstractApplicationContext.finishBeanFactoryInitialization(AbstractApplicationContext.java:863) ~[spring-context-5.1.4.RELEASE.jar:5.1.4.RELEASE]
	at org.springframework.context.support.AbstractApplicationContext.refresh(AbstractApplicationContext.java:546) ~[spring-context-5.1.4.RELEASE.jar:5.1.4.RELEASE]
	at org.springframework.boot.web.servlet.context.ServletWebServerApplicationContext.refresh(ServletWebServerApplicationContext.java:142) ~[spring-boot-2.1.2.RELEASE.jar:2.1.2.RELEASE]
	at org.springframework.boot.SpringApplication.refresh(SpringApplication.java:775) ~[spring-boot-2.1.2.RELEASE.jar:2.1.2.RELEASE]
	at org.springframework.boot.SpringApplication.refreshContext(SpringApplication.java:397) ~[spring-boot-2.1.2.RELEASE.jar:2.1.2.RELEASE]
	at org.springframework.boot.SpringApplication.run(SpringApplication.java:316) ~[spring-boot-2.1.2.RELEASE.jar:2.1.2.RELEASE]
	at org.springframework.boot.SpringApplication.run(SpringApplication.java:1260) ~[spring-boot-2.1.2.RELEASE.jar:2.1.2.RELEASE]
	at org.springframework.boot.SpringApplication.run(SpringApplication.java:1248) ~[spring-boot-2.1.2.RELEASE.jar:2.1.2.RELEASE]
	at com.laymat.demo.DemoApplication.main(DemoApplication.java:36) ~[classes/:na]
Caused by: java.lang.IllegalStateException: @Resource annotation is not supported on static fields
	at org.springframework.context.annotation.CommonAnnotationBeanPostProcessor.lambda$buildResourceMetadata$0(CommonAnnotationBeanPostProcessor.java:380) ~[spring-context-5.1.4.RELEASE.jar:5.1.4.RELEASE]
	at org.springframework.util.ReflectionUtils.doWithLocalFields(ReflectionUtils.java:719) ~[spring-core-5.1.4.RELEASE.jar:5.1.4.RELEASE]
	at org.springframework.context.annotation.CommonAnnotationBeanPostProcessor.buildResourceMetadata(CommonAnnotationBeanPostProcessor.java:365) ~[spring-context-5.1.4.RELEASE.jar:5.1.4.RELEASE]
	at org.springframework.context.annotation.CommonAnnotationBeanPostProcessor.findResourceMetadata(CommonAnnotationBeanPostProcessor.java:350) ~[spring-context-5.1.4.RELEASE.jar:5.1.4.RELEASE]
	at org.springframework.context.annotation.CommonAnnotationBeanPostProcessor.postProcessMergedBeanDefinition(CommonAnnotationBeanPostProcessor.java:298) ~[spring-context-5.1.4.RELEASE.jar:5.1.4.RELEASE]
	at org.springframework.beans.factory.support.AbstractAutowireCapableBeanFactory.applyMergedBeanDefinitionPostProcessors(AbstractAutowireCapableBeanFactory.java:1044) ~[spring-beans-5.1.4.RELEASE.jar:5.1.4.RELEASE]
	at org.springframework.beans.factory.support.AbstractAutowireCapableBeanFactory.doCreateBean(AbstractAutowireCapableBeanFactory.java:550) ~[spring-beans-5.1.4.RELEASE.jar:5.1.4.RELEASE]
	... 15 common frames omitted

2019-03-06 17:13:19.554  INFO 7472 --- [main] com.laymat.demo.DemoApplication          : Starting DemoApplication on laymat-PC with PID 7472 (D:\project\Laymat\github-project\target\classes started by laymat in D:\project\Laymat\github-project)
2019-03-06 17:13:19.557  INFO 7472 --- [main] com.laymat.demo.DemoApplication          : The following profiles are active: default
2019-03-06 17:13:21.038  WARN 7472 --- [main] o.m.s.mapper.ClassPathMapperScanner      : No MyBatis mapper was found in '[com.laymat.demo]' package. Please check your configuration.
2019-03-06 17:13:21.850  INFO 7472 --- [main] o.s.b.w.embedded.tomcat.TomcatWebServer  : Tomcat initialized with port(s): 8800 (http)
2019-03-06 17:13:21.883  INFO 7472 --- [main] o.apache.catalina.core.StandardService   : Starting service [Tomcat]
2019-03-06 17:13:21.883  INFO 7472 --- [main] org.apache.catalina.core.StandardEngine  : Starting Servlet engine: [Apache Tomcat/9.0.14]
2019-03-06 17:13:21.894  INFO 7472 --- [main] o.a.catalina.core.AprLifecycleListener   : The APR based Apache Tomcat Native library which allows optimal performance in production environments was not found on the java.library.path: [D:\Program Files\Java\jdk-11.0.2\bin;C:\Windows\Sun\Java\bin;C:\Windows\system32;C:\Windows;C:\Windows\system32;C:\Windows;C:\Windows\System32\Wbem;C:\Windows\System32\WindowsPowerShell\v1.0\;C:\Program Files\Lenovo\Fingerprint Manager Pro\;D:\Program Files\Microsoft SQL Server\110\DTS\Binn\;D:\Program Files (x86)\Microsoft SQL Server\110\Tools\Binn\;D:\Program Files\Microsoft SQL Server\110\Tools\Binn\;D:\Program Files (x86)\Microsoft SQL Server\110\Tools\Binn\ManagementStudio\;C:\Program Files (x86)\Microsoft Visual Studio 10.0\Common7\IDE\PrivateAssemblies\;D:\Program Files (x86)\Microsoft SQL Server\110\DTS\Binn\;C:\Program Files\dotnet\;D:\Program Files\Microsoft SQL Server\130\Tools\Binn\;D:\Program Files\TortoiseSVN\bin;D:\Program Files\nodejs\;d:\Program Files\Git\cmd;D:\Program Files (x86)\apache-maven-3.5.4\bin;D:\Program Files\MongoDB\Server\3.6\bin;d:\Program Files\Microsoft VS Code\bin;D:\Program Files\Java\jdk-10.0.1\bin;D:\Program Files (x86)\Python\Python37-32\Scripts\;D:\Program Files (x86)\Python\Python37-32\;C:\Users\laymat\AppData\Roaming\npm;d:\Program Files\Microsoft VS Code\bin;D:\Program Files (x86)\apache-maven-3.5.4\bin;d:\Program Files (x86)\Fiddler2;d:\Program Files\JetBrains\WebStorm 2018.3\bin;;d:\Program Files\JetBrains\IntelliJ IDEA 2018.3\bin;C:\Users\laymat\.dotnet\tools;.]
2019-03-06 17:13:22.044  INFO 7472 --- [main] o.a.c.c.C.[Tomcat].[localhost].[/]       : Initializing Spring embedded WebApplicationContext
2019-03-06 17:13:22.044  INFO 7472 --- [main] o.s.web.context.ContextLoader            : Root WebApplicationContext: initialization completed in 2348 ms
2019-03-06 17:13:22.129  WARN 7472 --- [main] ConfigServletWebServerApplicationContext : Exception encountered during context initialization - cancelling refresh attempt: org.springframework.beans.factory.BeanCreationException: Error creating bean with name 'demoApplication': Post-processing of merged bean definition failed; nested exception is java.lang.IllegalStateException: @Resource annotation is not supported on static fields
2019-03-06 17:13:22.133  INFO 7472 --- [main] o.apache.catalina.core.StandardService   : Stopping service [Tomcat]
2019-03-06 17:13:22.160  INFO 7472 --- [main] ConditionEvaluationReportLoggingListener : 

Error starting ApplicationContext. To display the conditions report re-run your application with 'debug' enabled.
2019-03-06 17:13:22.170 ERROR 7472 --- [main] o.s.boot.SpringApplication               : Application run failed

org.springframework.beans.factory.BeanCreationException: Error creating bean with name 'demoApplication': Post-processing of merged bean definition failed; nested exception is java.lang.IllegalStateException: @Resource annotation is not supported on static fields
	at org.springframework.beans.factory.support.AbstractAutowireCapableBeanFactory.doCreateBean(AbstractAutowireCapableBeanFactory.java:553) ~[spring-beans-5.1.4.RELEASE.jar:5.1.4.RELEASE]
	at org.springframework.beans.factory.support.AbstractAutowireCapableBeanFactory.createBean(AbstractAutowireCapableBeanFactory.java:498) ~[spring-beans-5.1.4.RELEASE.jar:5.1.4.RELEASE]
	at org.springframework.beans.factory.support.AbstractBeanFactory.lambda$doGetBean$0(AbstractBeanFactory.java:320) ~[spring-beans-5.1.4.RELEASE.jar:5.1.4.RELEASE]
	at org.springframework.beans.factory.support.DefaultSingletonBeanRegistry.getSingleton(DefaultSingletonBeanRegistry.java:222) ~[spring-beans-5.1.4.RELEASE.jar:5.1.4.RELEASE]
	at org.springframework.beans.factory.support.AbstractBeanFactory.doGetBean(AbstractBeanFactory.java:318) ~[spring-beans-5.1.4.RELEASE.jar:5.1.4.RELEASE]
	at org.springframework.beans.factory.support.AbstractBeanFactory.getBean(AbstractBeanFactory.java:199) ~[spring-beans-5.1.4.RELEASE.jar:5.1.4.RELEASE]
	at org.springframework.beans.factory.support.DefaultListableBeanFactory.preInstantiateSingletons(DefaultListableBeanFactory.java:846) ~[spring-beans-5.1.4.RELEASE.jar:5.1.4.RELEASE]
	at org.springframework.context.support.AbstractApplicationContext.finishBeanFactoryInitialization(AbstractApplicationContext.java:863) ~[spring-context-5.1.4.RELEASE.jar:5.1.4.RELEASE]
	at org.springframework.context.support.AbstractApplicationContext.refresh(AbstractApplicationContext.java:546) ~[spring-context-5.1.4.RELEASE.jar:5.1.4.RELEASE]
	at org.springframework.boot.web.servlet.context.ServletWebServerApplicationContext.refresh(ServletWebServerApplicationContext.java:142) ~[spring-boot-2.1.2.RELEASE.jar:2.1.2.RELEASE]
	at org.springframework.boot.SpringApplication.refresh(SpringApplication.java:775) ~[spring-boot-2.1.2.RELEASE.jar:2.1.2.RELEASE]
	at org.springframework.boot.SpringApplication.refreshContext(SpringApplication.java:397) ~[spring-boot-2.1.2.RELEASE.jar:2.1.2.RELEASE]
	at org.springframework.boot.SpringApplication.run(SpringApplication.java:316) ~[spring-boot-2.1.2.RELEASE.jar:2.1.2.RELEASE]
	at org.springframework.boot.SpringApplication.run(SpringApplication.java:1260) ~[spring-boot-2.1.2.RELEASE.jar:2.1.2.RELEASE]
	at org.springframework.boot.SpringApplication.run(SpringApplication.java:1248) ~[spring-boot-2.1.2.RELEASE.jar:2.1.2.RELEASE]
	at com.laymat.demo.DemoApplication.main(DemoApplication.java:36) ~[classes/:na]
Caused by: java.lang.IllegalStateException: @Resource annotation is not supported on static fields
	at org.springframework.context.annotation.CommonAnnotationBeanPostProcessor.lambda$buildResourceMetadata$0(CommonAnnotationBeanPostProcessor.java:380) ~[spring-context-5.1.4.RELEASE.jar:5.1.4.RELEASE]
	at org.springframework.util.ReflectionUtils.doWithLocalFields(ReflectionUtils.java:719) ~[spring-core-5.1.4.RELEASE.jar:5.1.4.RELEASE]
	at org.springframework.context.annotation.CommonAnnotationBeanPostProcessor.buildResourceMetadata(CommonAnnotationBeanPostProcessor.java:365) ~[spring-context-5.1.4.RELEASE.jar:5.1.4.RELEASE]
	at org.springframework.context.annotation.CommonAnnotationBeanPostProcessor.findResourceMetadata(CommonAnnotationBeanPostProcessor.java:350) ~[spring-context-5.1.4.RELEASE.jar:5.1.4.RELEASE]
	at org.springframework.context.annotation.CommonAnnotationBeanPostProcessor.postProcessMergedBeanDefinition(CommonAnnotationBeanPostProcessor.java:298) ~[spring-context-5.1.4.RELEASE.jar:5.1.4.RELEASE]
	at org.springframework.beans.factory.support.AbstractAutowireCapableBeanFactory.applyMergedBeanDefinitionPostProcessors(AbstractAutowireCapableBeanFactory.java:1044) ~[spring-beans-5.1.4.RELEASE.jar:5.1.4.RELEASE]
	at org.springframework.beans.factory.support.AbstractAutowireCapableBeanFactory.doCreateBean(AbstractAutowireCapableBeanFactory.java:550) ~[spring-beans-5.1.4.RELEASE.jar:5.1.4.RELEASE]
	... 15 common frames omitted

2019-03-06 17:14:21.709 DEBUG 9956 --- [background-preinit] .h.v.m.ResourceBundleMessageInterpolator : Loaded expression factory via original TCCL
2019-03-06 17:14:21.913  INFO 9956 --- [main] com.laymat.demo.DemoApplication          : Starting DemoApplication on laymat-PC with PID 9956 (D:\project\Laymat\github-project\target\classes started by laymat in D:\project\Laymat\github-project)
2019-03-06 17:14:21.916  INFO 9956 --- [main] com.laymat.demo.DemoApplication          : The following profiles are active: default
2019-03-06 17:14:23.133  WARN 9956 --- [main] o.m.s.mapper.ClassPathMapperScanner      : No MyBatis mapper was found in '[com.laymat.demo]' package. Please check your configuration.
2019-03-06 17:14:24.073  INFO 9956 --- [main] o.s.b.w.embedded.tomcat.TomcatWebServer  : Tomcat initialized with port(s): 8800 (http)
2019-03-06 17:14:24.151  INFO 9956 --- [main] o.apache.catalina.core.StandardService   : Starting service [Tomcat]
2019-03-06 17:14:24.152  INFO 9956 --- [main] org.apache.catalina.core.StandardEngine  : Starting Servlet engine: [Apache Tomcat/9.0.14]
2019-03-06 17:14:24.161  INFO 9956 --- [main] o.a.catalina.core.AprLifecycleListener   : The APR based Apache Tomcat Native library which allows optimal performance in production environments was not found on the java.library.path: [D:\Program Files\Java\jdk-11.0.2\bin;C:\Windows\Sun\Java\bin;C:\Windows\system32;C:\Windows;C:\Windows\system32;C:\Windows;C:\Windows\System32\Wbem;C:\Windows\System32\WindowsPowerShell\v1.0\;C:\Program Files\Lenovo\Fingerprint Manager Pro\;D:\Program Files\Microsoft SQL Server\110\DTS\Binn\;D:\Program Files (x86)\Microsoft SQL Server\110\Tools\Binn\;D:\Program Files\Microsoft SQL Server\110\Tools\Binn\;D:\Program Files (x86)\Microsoft SQL Server\110\Tools\Binn\ManagementStudio\;C:\Program Files (x86)\Microsoft Visual Studio 10.0\Common7\IDE\PrivateAssemblies\;D:\Program Files (x86)\Microsoft SQL Server\110\DTS\Binn\;C:\Program Files\dotnet\;D:\Program Files\Microsoft SQL Server\130\Tools\Binn\;D:\Program Files\TortoiseSVN\bin;D:\Program Files\nodejs\;d:\Program Files\Git\cmd;D:\Program Files (x86)\apache-maven-3.5.4\bin;D:\Program Files\MongoDB\Server\3.6\bin;d:\Program Files\Microsoft VS Code\bin;D:\Program Files\Java\jdk-10.0.1\bin;D:\Program Files (x86)\Python\Python37-32\Scripts\;D:\Program Files (x86)\Python\Python37-32\;C:\Users\laymat\AppData\Roaming\npm;d:\Program Files\Microsoft VS Code\bin;D:\Program Files (x86)\apache-maven-3.5.4\bin;d:\Program Files (x86)\Fiddler2;d:\Program Files\JetBrains\WebStorm 2018.3\bin;;d:\Program Files\JetBrains\IntelliJ IDEA 2018.3\bin;C:\Users\laymat\.dotnet\tools;.]
2019-03-06 17:14:24.324  INFO 9956 --- [main] o.a.c.c.C.[Tomcat].[localhost].[/]       : Initializing Spring embedded WebApplicationContext
2019-03-06 17:14:24.324  INFO 9956 --- [main] o.s.web.context.ContextLoader            : Root WebApplicationContext: initialization completed in 2292 ms
2019-03-06 17:14:24.627  INFO 9956 --- [main] o.s.s.concurrent.ThreadPoolTaskExecutor  : Initializing ExecutorService 'applicationTaskExecutor'
2019-03-06 17:14:25.078  INFO 9956 --- [main] o.s.b.w.embedded.tomcat.TomcatWebServer  : Tomcat started on port(s): 8800 (http) with context path ''
2019-03-06 17:14:25.084  INFO 9956 --- [main] com.laymat.demo.DemoApplication          : Started DemoApplication in 4.125 seconds (JVM running for 6.038)
2019-03-06 17:15:36.343  INFO 9956 --- [Thread-3] o.s.s.concurrent.ThreadPoolTaskExecutor  : Shutting down ExecutorService 'applicationTaskExecutor'
2019-03-06 17:15:44.845  INFO 8548 --- [main] com.laymat.demo.DemoApplication          : Starting DemoApplication on laymat-PC with PID 8548 (D:\project\Laymat\github-project\target\classes started by laymat in D:\project\Laymat\github-project)
2019-03-06 17:15:44.850  INFO 8548 --- [main] com.laymat.demo.DemoApplication          : The following profiles are active: default
2019-03-06 17:15:45.963  WARN 8548 --- [main] o.m.s.mapper.ClassPathMapperScanner      : No MyBatis mapper was found in '[com.laymat.demo]' package. Please check your configuration.
2019-03-06 17:15:46.892  INFO 8548 --- [main] o.s.b.w.embedded.tomcat.TomcatWebServer  : Tomcat initialized with port(s): 8800 (http)
2019-03-06 17:15:46.930  INFO 8548 --- [main] o.apache.catalina.core.StandardService   : Starting service [Tomcat]
2019-03-06 17:15:46.930  INFO 8548 --- [main] org.apache.catalina.core.StandardEngine  : Starting Servlet engine: [Apache Tomcat/9.0.14]
2019-03-06 17:15:46.942  INFO 8548 --- [main] o.a.catalina.core.AprLifecycleListener   : The APR based Apache Tomcat Native library which allows optimal performance in production environments was not found on the java.library.path: [D:\Program Files\Java\jdk-11.0.2\bin;C:\Windows\Sun\Java\bin;C:\Windows\system32;C:\Windows;C:\Windows\system32;C:\Windows;C:\Windows\System32\Wbem;C:\Windows\System32\WindowsPowerShell\v1.0\;C:\Program Files\Lenovo\Fingerprint Manager Pro\;D:\Program Files\Microsoft SQL Server\110\DTS\Binn\;D:\Program Files (x86)\Microsoft SQL Server\110\Tools\Binn\;D:\Program Files\Microsoft SQL Server\110\Tools\Binn\;D:\Program Files (x86)\Microsoft SQL Server\110\Tools\Binn\ManagementStudio\;C:\Program Files (x86)\Microsoft Visual Studio 10.0\Common7\IDE\PrivateAssemblies\;D:\Program Files (x86)\Microsoft SQL Server\110\DTS\Binn\;C:\Program Files\dotnet\;D:\Program Files\Microsoft SQL Server\130\Tools\Binn\;D:\Program Files\TortoiseSVN\bin;D:\Program Files\nodejs\;d:\Program Files\Git\cmd;D:\Program Files (x86)\apache-maven-3.5.4\bin;D:\Program Files\MongoDB\Server\3.6\bin;d:\Program Files\Microsoft VS Code\bin;D:\Program Files\Java\jdk-10.0.1\bin;D:\Program Files (x86)\Python\Python37-32\Scripts\;D:\Program Files (x86)\Python\Python37-32\;C:\Users\laymat\AppData\Roaming\npm;d:\Program Files\Microsoft VS Code\bin;D:\Program Files (x86)\apache-maven-3.5.4\bin;d:\Program Files (x86)\Fiddler2;d:\Program Files\JetBrains\WebStorm 2018.3\bin;;d:\Program Files\JetBrains\IntelliJ IDEA 2018.3\bin;C:\Users\laymat\.dotnet\tools;.]
2019-03-06 17:15:47.081  INFO 8548 --- [main] o.a.c.c.C.[Tomcat].[localhost].[/]       : Initializing Spring embedded WebApplicationContext
2019-03-06 17:15:47.081  INFO 8548 --- [main] o.s.web.context.ContextLoader            : Root WebApplicationContext: initialization completed in 1996 ms
2019-03-06 17:15:47.441  INFO 8548 --- [main] o.s.s.concurrent.ThreadPoolTaskExecutor  : Initializing ExecutorService 'applicationTaskExecutor'
2019-03-06 17:15:47.910  INFO 8548 --- [main] o.s.b.w.embedded.tomcat.TomcatWebServer  : Tomcat started on port(s): 8800 (http) with context path ''
2019-03-06 17:15:47.916  INFO 8548 --- [main] com.laymat.demo.DemoApplication          : Started DemoApplication in 4.124 seconds (JVM running for 6.062)
2019-03-06 17:15:57.384  INFO 8548 --- [http-nio-8800-exec-1] o.a.c.c.C.[Tomcat].[localhost].[/]       : Initializing Spring DispatcherServlet 'dispatcherServlet'
2019-03-06 17:15:57.385  INFO 8548 --- [http-nio-8800-exec-1] o.s.web.servlet.DispatcherServlet        : Initializing Servlet 'dispatcherServlet'
2019-03-06 17:15:57.393  INFO 8548 --- [http-nio-8800-exec-1] o.s.web.servlet.DispatcherServlet        : Completed initialization in 8 ms
2019-03-06 17:15:57.441 ERROR 8548 --- [http-nio-8800-exec-1] o.a.c.c.C.[.[.[/].[dispatcherServlet]    : Servlet.service() for servlet [dispatcherServlet] in context with path [] threw exception [Request processing failed; nested exception is java.lang.NullPointerException] with root cause

java.lang.NullPointerException: null
	at java.base/java.util.concurrent.ConcurrentHashMap.putVal(ConcurrentHashMap.java:1011) ~[na:na]
	at java.base/java.util.concurrent.ConcurrentHashMap.put(ConcurrentHashMap.java:1006) ~[na:na]
	at com.laymat.demo.order.impl.OrderHandleImpl.initService(OrderHandleImpl.java:20) ~[classes/:na]
	at com.laymat.demo.DemoApplication.Init(DemoApplication.java:50) ~[classes/:na]
	at java.base/jdk.internal.reflect.NativeMethodAccessorImpl.invoke0(Native Method) ~[na:na]
	at java.base/jdk.internal.reflect.NativeMethodAccessorImpl.invoke(NativeMethodAccessorImpl.java:62) ~[na:na]
	at java.base/jdk.internal.reflect.DelegatingMethodAccessorImpl.invoke(DelegatingMethodAccessorImpl.java:43) ~[na:na]
	at java.base/java.lang.reflect.Method.invoke(Method.java:566) ~[na:na]
	at org.springframework.web.method.support.InvocableHandlerMethod.doInvoke(InvocableHandlerMethod.java:189) ~[spring-web-5.1.4.RELEASE.jar:5.1.4.RELEASE]
	at org.springframework.web.method.support.InvocableHandlerMethod.invokeForRequest(InvocableHandlerMethod.java:138) ~[spring-web-5.1.4.RELEASE.jar:5.1.4.RELEASE]
	at org.springframework.web.servlet.mvc.method.annotation.ServletInvocableHandlerMethod.invokeAndHandle(ServletInvocableHandlerMethod.java:102) ~[spring-webmvc-5.1.4.RELEASE.jar:5.1.4.RELEASE]
	at org.springframework.web.servlet.mvc.method.annotation.RequestMappingHandlerAdapter.invokeHandlerMethod(RequestMappingHandlerAdapter.java:895) ~[spring-webmvc-5.1.4.RELEASE.jar:5.1.4.RELEASE]
	at org.springframework.web.servlet.mvc.method.annotation.RequestMappingHandlerAdapter.handleInternal(RequestMappingHandlerAdapter.java:800) ~[spring-webmvc-5.1.4.RELEASE.jar:5.1.4.RELEASE]
	at org.springframework.web.servlet.mvc.method.AbstractHandlerMethodAdapter.handle(AbstractHandlerMethodAdapter.java:87) ~[spring-webmvc-5.1.4.RELEASE.jar:5.1.4.RELEASE]
	at org.springframework.web.servlet.DispatcherServlet.doDispatch(DispatcherServlet.java:1038) ~[spring-webmvc-5.1.4.RELEASE.jar:5.1.4.RELEASE]
	at org.springframework.web.servlet.DispatcherServlet.doService(DispatcherServlet.java:942) ~[spring-webmvc-5.1.4.RELEASE.jar:5.1.4.RELEASE]
	at org.springframework.web.servlet.FrameworkServlet.processRequest(FrameworkServlet.java:1005) ~[spring-webmvc-5.1.4.RELEASE.jar:5.1.4.RELEASE]
	at org.springframework.web.servlet.FrameworkServlet.doPost(FrameworkServlet.java:908) ~[spring-webmvc-5.1.4.RELEASE.jar:5.1.4.RELEASE]
	at javax.servlet.http.HttpServlet.service(HttpServlet.java:660) ~[tomcat-embed-core-9.0.14.jar:9.0.14]
	at org.springframework.web.servlet.FrameworkServlet.service(FrameworkServlet.java:882) ~[spring-webmvc-5.1.4.RELEASE.jar:5.1.4.RELEASE]
	at javax.servlet.http.HttpServlet.service(HttpServlet.java:741) ~[tomcat-embed-core-9.0.14.jar:9.0.14]
	at org.apache.catalina.core.ApplicationFilterChain.internalDoFilter(ApplicationFilterChain.java:231) ~[tomcat-embed-core-9.0.14.jar:9.0.14]
	at org.apache.catalina.core.ApplicationFilterChain.doFilter(ApplicationFilterChain.java:166) ~[tomcat-embed-core-9.0.14.jar:9.0.14]
	at org.apache.tomcat.websocket.server.WsFilter.doFilter(WsFilter.java:53) ~[tomcat-embed-websocket-9.0.14.jar:9.0.14]
	at org.apache.catalina.core.ApplicationFilterChain.internalDoFilter(ApplicationFilterChain.java:193) ~[tomcat-embed-core-9.0.14.jar:9.0.14]
	at org.apache.catalina.core.ApplicationFilterChain.doFilter(ApplicationFilterChain.java:166) ~[tomcat-embed-core-9.0.14.jar:9.0.14]
	at org.springframework.web.filter.RequestContextFilter.doFilterInternal(RequestContextFilter.java:99) ~[spring-web-5.1.4.RELEASE.jar:5.1.4.RELEASE]
	at org.springframework.web.filter.OncePerRequestFilter.doFilter(OncePerRequestFilter.java:107) ~[spring-web-5.1.4.RELEASE.jar:5.1.4.RELEASE]
	at org.apache.catalina.core.ApplicationFilterChain.internalDoFilter(ApplicationFilterChain.java:193) ~[tomcat-embed-core-9.0.14.jar:9.0.14]
	at org.apache.catalina.core.ApplicationFilterChain.doFilter(ApplicationFilterChain.java:166) ~[tomcat-embed-core-9.0.14.jar:9.0.14]
	at org.springframework.web.filter.FormContentFilter.doFilterInternal(FormContentFilter.java:92) ~[spring-web-5.1.4.RELEASE.jar:5.1.4.RELEASE]
	at org.springframework.web.filter.OncePerRequestFilter.doFilter(OncePerRequestFilter.java:107) ~[spring-web-5.1.4.RELEASE.jar:5.1.4.RELEASE]
	at org.apache.catalina.core.ApplicationFilterChain.internalDoFilter(ApplicationFilterChain.java:193) ~[tomcat-embed-core-9.0.14.jar:9.0.14]
	at org.apache.catalina.core.ApplicationFilterChain.doFilter(ApplicationFilterChain.java:166) ~[tomcat-embed-core-9.0.14.jar:9.0.14]
	at org.springframework.web.filter.HiddenHttpMethodFilter.doFilterInternal(HiddenHttpMethodFilter.java:93) ~[spring-web-5.1.4.RELEASE.jar:5.1.4.RELEASE]
	at org.springframework.web.filter.OncePerRequestFilter.doFilter(OncePerRequestFilter.java:107) ~[spring-web-5.1.4.RELEASE.jar:5.1.4.RELEASE]
	at org.apache.catalina.core.ApplicationFilterChain.internalDoFilter(ApplicationFilterChain.java:193) ~[tomcat-embed-core-9.0.14.jar:9.0.14]
	at org.apache.catalina.core.ApplicationFilterChain.doFilter(ApplicationFilterChain.java:166) ~[tomcat-embed-core-9.0.14.jar:9.0.14]
	at org.springframework.web.filter.CharacterEncodingFilter.doFilterInternal(CharacterEncodingFilter.java:200) ~[spring-web-5.1.4.RELEASE.jar:5.1.4.RELEASE]
	at org.springframework.web.filter.OncePerRequestFilter.doFilter(OncePerRequestFilter.java:107) ~[spring-web-5.1.4.RELEASE.jar:5.1.4.RELEASE]
	at org.apache.catalina.core.ApplicationFilterChain.internalDoFilter(ApplicationFilterChain.java:193) ~[tomcat-embed-core-9.0.14.jar:9.0.14]
	at org.apache.catalina.core.ApplicationFilterChain.doFilter(ApplicationFilterChain.java:166) ~[tomcat-embed-core-9.0.14.jar:9.0.14]
	at org.apache.catalina.core.StandardWrapperValve.invoke(StandardWrapperValve.java:199) ~[tomcat-embed-core-9.0.14.jar:9.0.14]
	at org.apache.catalina.core.StandardContextValve.invoke(StandardContextValve.java:96) ~[tomcat-embed-core-9.0.14.jar:9.0.14]
	at org.apache.catalina.authenticator.AuthenticatorBase.invoke(AuthenticatorBase.java:490) ~[tomcat-embed-core-9.0.14.jar:9.0.14]
	at org.apache.catalina.core.StandardHostValve.invoke(StandardHostValve.java:139) ~[tomcat-embed-core-9.0.14.jar:9.0.14]
	at org.apache.catalina.valves.ErrorReportValve.invoke(ErrorReportValve.java:92) ~[tomcat-embed-core-9.0.14.jar:9.0.14]
	at org.apache.catalina.core.StandardEngineValve.invoke(StandardEngineValve.java:74) ~[tomcat-embed-core-9.0.14.jar:9.0.14]
	at org.apache.catalina.connector.CoyoteAdapter.service(CoyoteAdapter.java:343) ~[tomcat-embed-core-9.0.14.jar:9.0.14]
	at org.apache.coyote.http11.Http11Processor.service(Http11Processor.java:408) ~[tomcat-embed-core-9.0.14.jar:9.0.14]
	at org.apache.coyote.AbstractProcessorLight.process(AbstractProcessorLight.java:66) ~[tomcat-embed-core-9.0.14.jar:9.0.14]
	at org.apache.coyote.AbstractProtocol$ConnectionHandler.process(AbstractProtocol.java:834) ~[tomcat-embed-core-9.0.14.jar:9.0.14]
	at org.apache.tomcat.util.net.NioEndpoint$SocketProcessor.doRun(NioEndpoint.java:1417) ~[tomcat-embed-core-9.0.14.jar:9.0.14]
	at org.apache.tomcat.util.net.SocketProcessorBase.run(SocketProcessorBase.java:49) ~[tomcat-embed-core-9.0.14.jar:9.0.14]
	at java.base/java.util.concurrent.ThreadPoolExecutor.runWorker(ThreadPoolExecutor.java:1128) ~[na:na]
	at java.base/java.util.concurrent.ThreadPoolExecutor$Worker.run(ThreadPoolExecutor.java:628) ~[na:na]
	at org.apache.tomcat.util.threads.TaskThread$WrappingRunnable.run(TaskThread.java:61) ~[tomcat-embed-core-9.0.14.jar:9.0.14]
	at java.base/java.lang.Thread.run(Thread.java:834) ~[na:na]

2019-03-06 17:16:32.089 ERROR 8548 --- [http-nio-8800-exec-3] o.a.c.c.C.[.[.[/].[dispatcherServlet]    : Servlet.service() for servlet [dispatcherServlet] in context with path [] threw exception [Request processing failed; nested exception is java.lang.NullPointerException] with root cause

java.lang.NullPointerException: null
	at java.base/java.util.concurrent.ConcurrentHashMap.putVal(ConcurrentHashMap.java:1011) ~[na:na]
	at java.base/java.util.concurrent.ConcurrentHashMap.put(ConcurrentHashMap.java:1006) ~[na:na]
	at com.laymat.demo.order.impl.OrderHandleImpl.initService(OrderHandleImpl.java:20) ~[classes/:na]
	at com.laymat.demo.DemoApplication.Init(DemoApplication.java:50) ~[classes/:na]
	at java.base/jdk.internal.reflect.NativeMethodAccessorImpl.invoke0(Native Method) ~[na:na]
	at java.base/jdk.internal.reflect.NativeMethodAccessorImpl.invoke(NativeMethodAccessorImpl.java:62) ~[na:na]
	at java.base/jdk.internal.reflect.DelegatingMethodAccessorImpl.invoke(DelegatingMethodAccessorImpl.java:43) ~[na:na]
	at java.base/java.lang.reflect.Method.invoke(Method.java:566) ~[na:na]
	at org.springframework.web.method.support.InvocableHandlerMethod.doInvoke(InvocableHandlerMethod.java:189) ~[spring-web-5.1.4.RELEASE.jar:5.1.4.RELEASE]
	at org.springframework.web.method.support.InvocableHandlerMethod.invokeForRequest(InvocableHandlerMethod.java:138) ~[spring-web-5.1.4.RELEASE.jar:5.1.4.RELEASE]
	at org.springframework.web.servlet.mvc.method.annotation.ServletInvocableHandlerMethod.invokeAndHandle(ServletInvocableHandlerMethod.java:102) ~[spring-webmvc-5.1.4.RELEASE.jar:5.1.4.RELEASE]
	at org.springframework.web.servlet.mvc.method.annotation.RequestMappingHandlerAdapter.invokeHandlerMethod(RequestMappingHandlerAdapter.java:895) ~[spring-webmvc-5.1.4.RELEASE.jar:5.1.4.RELEASE]
	at org.springframework.web.servlet.mvc.method.annotation.RequestMappingHandlerAdapter.handleInternal(RequestMappingHandlerAdapter.java:800) ~[spring-webmvc-5.1.4.RELEASE.jar:5.1.4.RELEASE]
	at org.springframework.web.servlet.mvc.method.AbstractHandlerMethodAdapter.handle(AbstractHandlerMethodAdapter.java:87) ~[spring-webmvc-5.1.4.RELEASE.jar:5.1.4.RELEASE]
	at org.springframework.web.servlet.DispatcherServlet.doDispatch(DispatcherServlet.java:1038) ~[spring-webmvc-5.1.4.RELEASE.jar:5.1.4.RELEASE]
	at org.springframework.web.servlet.DispatcherServlet.doService(DispatcherServlet.java:942) ~[spring-webmvc-5.1.4.RELEASE.jar:5.1.4.RELEASE]
	at org.springframework.web.servlet.FrameworkServlet.processRequest(FrameworkServlet.java:1005) ~[spring-webmvc-5.1.4.RELEASE.jar:5.1.4.RELEASE]
	at org.springframework.web.servlet.FrameworkServlet.doPost(FrameworkServlet.java:908) ~[spring-webmvc-5.1.4.RELEASE.jar:5.1.4.RELEASE]
	at javax.servlet.http.HttpServlet.service(HttpServlet.java:660) ~[tomcat-embed-core-9.0.14.jar:9.0.14]
	at org.springframework.web.servlet.FrameworkServlet.service(FrameworkServlet.java:882) ~[spring-webmvc-5.1.4.RELEASE.jar:5.1.4.RELEASE]
	at javax.servlet.http.HttpServlet.service(HttpServlet.java:741) ~[tomcat-embed-core-9.0.14.jar:9.0.14]
	at org.apache.catalina.core.ApplicationFilterChain.internalDoFilter(ApplicationFilterChain.java:231) ~[tomcat-embed-core-9.0.14.jar:9.0.14]
	at org.apache.catalina.core.ApplicationFilterChain.doFilter(ApplicationFilterChain.java:166) ~[tomcat-embed-core-9.0.14.jar:9.0.14]
	at org.apache.tomcat.websocket.server.WsFilter.doFilter(WsFilter.java:53) ~[tomcat-embed-websocket-9.0.14.jar:9.0.14]
	at org.apache.catalina.core.ApplicationFilterChain.internalDoFilter(ApplicationFilterChain.java:193) ~[tomcat-embed-core-9.0.14.jar:9.0.14]
	at org.apache.catalina.core.ApplicationFilterChain.doFilter(ApplicationFilterChain.java:166) ~[tomcat-embed-core-9.0.14.jar:9.0.14]
	at org.springframework.web.filter.RequestContextFilter.doFilterInternal(RequestContextFilter.java:99) ~[spring-web-5.1.4.RELEASE.jar:5.1.4.RELEASE]
	at org.springframework.web.filter.OncePerRequestFilter.doFilter(OncePerRequestFilter.java:107) ~[spring-web-5.1.4.RELEASE.jar:5.1.4.RELEASE]
	at org.apache.catalina.core.ApplicationFilterChain.internalDoFilter(ApplicationFilterChain.java:193) ~[tomcat-embed-core-9.0.14.jar:9.0.14]
	at org.apache.catalina.core.ApplicationFilterChain.doFilter(ApplicationFilterChain.java:166) ~[tomcat-embed-core-9.0.14.jar:9.0.14]
	at org.springframework.web.filter.FormContentFilter.doFilterInternal(FormContentFilter.java:92) ~[spring-web-5.1.4.RELEASE.jar:5.1.4.RELEASE]
	at org.springframework.web.filter.OncePerRequestFilter.doFilter(OncePerRequestFilter.java:107) ~[spring-web-5.1.4.RELEASE.jar:5.1.4.RELEASE]
	at org.apache.catalina.core.ApplicationFilterChain.internalDoFilter(ApplicationFilterChain.java:193) ~[tomcat-embed-core-9.0.14.jar:9.0.14]
	at org.apache.catalina.core.ApplicationFilterChain.doFilter(ApplicationFilterChain.java:166) ~[tomcat-embed-core-9.0.14.jar:9.0.14]
	at org.springframework.web.filter.HiddenHttpMethodFilter.doFilterInternal(HiddenHttpMethodFilter.java:93) ~[spring-web-5.1.4.RELEASE.jar:5.1.4.RELEASE]
	at org.springframework.web.filter.OncePerRequestFilter.doFilter(OncePerRequestFilter.java:107) ~[spring-web-5.1.4.RELEASE.jar:5.1.4.RELEASE]
	at org.apache.catalina.core.ApplicationFilterChain.internalDoFilter(ApplicationFilterChain.java:193) ~[tomcat-embed-core-9.0.14.jar:9.0.14]
	at org.apache.catalina.core.ApplicationFilterChain.doFilter(ApplicationFilterChain.java:166) ~[tomcat-embed-core-9.0.14.jar:9.0.14]
	at org.springframework.web.filter.CharacterEncodingFilter.doFilterInternal(CharacterEncodingFilter.java:200) ~[spring-web-5.1.4.RELEASE.jar:5.1.4.RELEASE]
	at org.springframework.web.filter.OncePerRequestFilter.doFilter(OncePerRequestFilter.java:107) ~[spring-web-5.1.4.RELEASE.jar:5.1.4.RELEASE]
	at org.apache.catalina.core.ApplicationFilterChain.internalDoFilter(ApplicationFilterChain.java:193) ~[tomcat-embed-core-9.0.14.jar:9.0.14]
	at org.apache.catalina.core.ApplicationFilterChain.doFilter(ApplicationFilterChain.java:166) ~[tomcat-embed-core-9.0.14.jar:9.0.14]
	at org.apache.catalina.core.StandardWrapperValve.invoke(StandardWrapperValve.java:199) ~[tomcat-embed-core-9.0.14.jar:9.0.14]
	at org.apache.catalina.core.StandardContextValve.invoke(StandardContextValve.java:96) ~[tomcat-embed-core-9.0.14.jar:9.0.14]
	at org.apache.catalina.authenticator.AuthenticatorBase.invoke(AuthenticatorBase.java:490) ~[tomcat-embed-core-9.0.14.jar:9.0.14]
	at org.apache.catalina.core.StandardHostValve.invoke(StandardHostValve.java:139) ~[tomcat-embed-core-9.0.14.jar:9.0.14]
	at org.apache.catalina.valves.ErrorReportValve.invoke(ErrorReportValve.java:92) ~[tomcat-embed-core-9.0.14.jar:9.0.14]
	at org.apache.catalina.core.StandardEngineValve.invoke(StandardEngineValve.java:74) ~[tomcat-embed-core-9.0.14.jar:9.0.14]
	at org.apache.catalina.connector.CoyoteAdapter.service(CoyoteAdapter.java:343) ~[tomcat-embed-core-9.0.14.jar:9.0.14]
	at org.apache.coyote.http11.Http11Processor.service(Http11Processor.java:408) ~[tomcat-embed-core-9.0.14.jar:9.0.14]
	at org.apache.coyote.AbstractProcessorLight.process(AbstractProcessorLight.java:66) ~[tomcat-embed-core-9.0.14.jar:9.0.14]
	at org.apache.coyote.AbstractProtocol$ConnectionHandler.process(AbstractProtocol.java:834) ~[tomcat-embed-core-9.0.14.jar:9.0.14]
	at org.apache.tomcat.util.net.NioEndpoint$SocketProcessor.doRun(NioEndpoint.java:1417) ~[tomcat-embed-core-9.0.14.jar:9.0.14]
	at org.apache.tomcat.util.net.SocketProcessorBase.run(SocketProcessorBase.java:49) ~[tomcat-embed-core-9.0.14.jar:9.0.14]
	at java.base/java.util.concurrent.ThreadPoolExecutor.runWorker(ThreadPoolExecutor.java:1128) ~[na:na]
	at java.base/java.util.concurrent.ThreadPoolExecutor$Worker.run(ThreadPoolExecutor.java:628) ~[na:na]
	at org.apache.tomcat.util.threads.TaskThread$WrappingRunnable.run(TaskThread.java:61) ~[tomcat-embed-core-9.0.14.jar:9.0.14]
	at java.base/java.lang.Thread.run(Thread.java:834) ~[na:na]

2019-03-06 17:17:28.079  INFO 8548 --- [Thread-3] o.s.s.concurrent.ThreadPoolTaskExecutor  : Shutting down ExecutorService 'applicationTaskExecutor'
2019-03-06 17:17:35.624  INFO 10132 --- [main] com.laymat.demo.DemoApplication          : Starting DemoApplication on laymat-PC with PID 10132 (D:\project\Laymat\github-project\target\classes started by laymat in D:\project\Laymat\github-project)
2019-03-06 17:17:35.628  INFO 10132 --- [main] com.laymat.demo.DemoApplication          : The following profiles are active: default
2019-03-06 17:17:36.894  WARN 10132 --- [main] o.m.s.mapper.ClassPathMapperScanner      : No MyBatis mapper was found in '[com.laymat.demo]' package. Please check your configuration.
2019-03-06 17:17:37.831  INFO 10132 --- [main] o.s.b.w.embedded.tomcat.TomcatWebServer  : Tomcat initialized with port(s): 8800 (http)
2019-03-06 17:17:37.889  INFO 10132 --- [main] o.apache.catalina.core.StandardService   : Starting service [Tomcat]
2019-03-06 17:17:37.890  INFO 10132 --- [main] org.apache.catalina.core.StandardEngine  : Starting Servlet engine: [Apache Tomcat/9.0.14]
2019-03-06 17:17:37.900  INFO 10132 --- [main] o.a.catalina.core.AprLifecycleListener   : The APR based Apache Tomcat Native library which allows optimal performance in production environments was not found on the java.library.path: [D:\Program Files\Java\jdk-11.0.2\bin;C:\Windows\Sun\Java\bin;C:\Windows\system32;C:\Windows;C:\Windows\system32;C:\Windows;C:\Windows\System32\Wbem;C:\Windows\System32\WindowsPowerShell\v1.0\;C:\Program Files\Lenovo\Fingerprint Manager Pro\;D:\Program Files\Microsoft SQL Server\110\DTS\Binn\;D:\Program Files (x86)\Microsoft SQL Server\110\Tools\Binn\;D:\Program Files\Microsoft SQL Server\110\Tools\Binn\;D:\Program Files (x86)\Microsoft SQL Server\110\Tools\Binn\ManagementStudio\;C:\Program Files (x86)\Microsoft Visual Studio 10.0\Common7\IDE\PrivateAssemblies\;D:\Program Files (x86)\Microsoft SQL Server\110\DTS\Binn\;C:\Program Files\dotnet\;D:\Program Files\Microsoft SQL Server\130\Tools\Binn\;D:\Program Files\TortoiseSVN\bin;D:\Program Files\nodejs\;d:\Program Files\Git\cmd;D:\Program Files (x86)\apache-maven-3.5.4\bin;D:\Program Files\MongoDB\Server\3.6\bin;d:\Program Files\Microsoft VS Code\bin;D:\Program Files\Java\jdk-10.0.1\bin;D:\Program Files (x86)\Python\Python37-32\Scripts\;D:\Program Files (x86)\Python\Python37-32\;C:\Users\laymat\AppData\Roaming\npm;d:\Program Files\Microsoft VS Code\bin;D:\Program Files (x86)\apache-maven-3.5.4\bin;d:\Program Files (x86)\Fiddler2;d:\Program Files\JetBrains\WebStorm 2018.3\bin;;d:\Program Files\JetBrains\IntelliJ IDEA 2018.3\bin;C:\Users\laymat\.dotnet\tools;.]
2019-03-06 17:17:38.043  INFO 10132 --- [main] o.a.c.c.C.[Tomcat].[localhost].[/]       : Initializing Spring embedded WebApplicationContext
2019-03-06 17:17:38.043  INFO 10132 --- [main] o.s.web.context.ContextLoader            : Root WebApplicationContext: initialization completed in 2344 ms
2019-03-06 17:17:38.361  INFO 10132 --- [main] o.s.s.concurrent.ThreadPoolTaskExecutor  : Initializing ExecutorService 'applicationTaskExecutor'
2019-03-06 17:17:38.762  INFO 10132 --- [main] o.s.b.w.embedded.tomcat.TomcatWebServer  : Tomcat started on port(s): 8800 (http) with context path ''
2019-03-06 17:17:38.767  INFO 10132 --- [main] com.laymat.demo.DemoApplication          : Started DemoApplication in 3.963 seconds (JVM running for 5.904)
2019-03-06 17:17:42.321  INFO 10132 --- [http-nio-8800-exec-1] o.a.c.c.C.[Tomcat].[localhost].[/]       : Initializing Spring DispatcherServlet 'dispatcherServlet'
2019-03-06 17:17:42.322  INFO 10132 --- [http-nio-8800-exec-1] o.s.web.servlet.DispatcherServlet        : Initializing Servlet 'dispatcherServlet'
2019-03-06 17:17:42.329  INFO 10132 --- [http-nio-8800-exec-1] o.s.web.servlet.DispatcherServlet        : Completed initialization in 7 ms
2019-03-06 17:32:30.090  INFO 10132 --- [Thread-3] o.s.s.concurrent.ThreadPoolTaskExecutor  : Shutting down ExecutorService 'applicationTaskExecutor'
